Using pre-set license
Built from '2021.3/staging' branch; Version is '2021.3.11f1 (0a5ca18544bf) revision 679073'; Using compiler version '192829333'; Build Type 'Release'
OS: 'Windows 11  (10.0.22000) 64bit Professional' Language: 'es' Physical Memory: 32581 MB
BatchMode: 1, IsHumanControllingUs: 0, StartBugReporterOnCrash: 0, Is64bit: 1, IsPro: 1

COMMAND LINE ARGUMENTS:
C:\Program Files\Unity\Hub\Editor\2021.3.11f1\Editor\Unity.exe
-adb2
-batchMode
-noUpm
-name
AssetImportWorker0
-projectPath
C:/Users/Angel/Proyectos Unity/Proyecto01/PURIFIERS 05
-logFile
Logs/AssetImportWorker0.log
-srvPort
63938
Successfully changed project path to: C:/Users/Angel/Proyectos Unity/Proyecto01/PURIFIERS 05
C:/Users/Angel/Proyectos Unity/Proyecto01/PURIFIERS 05
[UnityMemory] Configuration Parameters - Can be set up in boot.config
    "memorysetup-bucket-allocator-granularity=16"
    "memorysetup-bucket-allocator-bucket-count=8"
    "memorysetup-bucket-allocator-block-size=33554432"
    "memorysetup-bucket-allocator-block-count=8"
    "memorysetup-main-allocator-block-size=16777216"
    "memorysetup-thread-allocator-block-size=16777216"
    "memorysetup-gfx-main-allocator-block-size=16777216"
    "memorysetup-gfx-thread-allocator-block-size=16777216"
    "memorysetup-cache-allocator-block-size=4194304"
    "memorysetup-typetree-allocator-block-size=2097152"
    "memorysetup-profiler-bucket-allocator-granularity=16"
    "memorysetup-profiler-bucket-allocator-bucket-count=8"
    "memorysetup-profiler-bucket-allocator-block-size=33554432"
    "memorysetup-profiler-bucket-allocator-block-count=8"
    "memorysetup-profiler-allocator-block-size=16777216"
    "memorysetup-profiler-editor-allocator-block-size=1048576"
    "memorysetup-temp-allocator-size-main=16777216"
    "memorysetup-job-temp-allocator-block-size=2097152"
    "memorysetup-job-temp-allocator-block-size-background=1048576"
    "memorysetup-job-temp-allocator-reduction-small-platforms=262144"
    "memorysetup-temp-allocator-size-background-worker=32768"
    "memorysetup-temp-allocator-size-job-worker=262144"
    "memorysetup-temp-allocator-size-preload-manager=33554432"
    "memorysetup-temp-allocator-size-nav-mesh-worker=65536"
    "memorysetup-temp-allocator-size-audio-worker=65536"
    "memorysetup-temp-allocator-size-cloud-worker=32768"
    "memorysetup-temp-allocator-size-gi-baking-worker=262144"
    "memorysetup-temp-allocator-size-gfx=262144"
Refreshing native plugins compatible for Editor in 95.74 ms, found 5 plugins.
Preloading 0 native plugins for Editor in 0.00 ms.
Initialize engine version: 2021.3.11f1 (0a5ca18544bf)
[Subsystems] Discovering subsystems at path C:/Program Files/Unity/Hub/Editor/2021.3.11f1/Editor/Data/Resources/UnitySubsystems
[Subsystems] Discovering subsystems at path C:/Users/Angel/Proyectos Unity/Proyecto01/PURIFIERS 05/Assets
GfxDevice: creating device client; threaded=0; jobified=0
Direct3D:
    Version:  Direct3D 11.0 [level 11.1]
    Renderer: NVIDIA GeForce RTX 3080 (ID=0x2216)
    Vendor:   NVIDIA
    VRAM:     10078 MB
    Driver:   31.0.15.1694
Initialize mono
Mono path[0] = 'C:/Program Files/Unity/Hub/Editor/2021.3.11f1/Editor/Data/Managed'
Mono path[1] = 'C:/Program Files/Unity/Hub/Editor/2021.3.11f1/Editor/Data/MonoBleedingEdge/lib/mono/unityjit-win32'
Mono config path = 'C:/Program Files/Unity/Hub/Editor/2021.3.11f1/Editor/Data/MonoBleedingEdge/etc'
Using monoOptions --debugger-agent=transport=dt_socket,embedding=1,server=y,suspend=n,address=127.0.0.1:56824
Begin MonoManager ReloadAssembly
Registering precompiled unity dll's ...
Register platform support module: C:/Program Files/Unity/Hub/Editor/2021.3.11f1/Editor/Data/PlaybackEngines/WebGLSupport/UnityEditor.WebGL.Extensions.dll
Register platform support module: C:/Program Files/Unity/Hub/Editor/2021.3.11f1/Editor/Data/PlaybackEngines/AndroidPlayer/UnityEditor.Android.Extensions.dll
Register platform support module: C:/Program Files/Unity/Hub/Editor/2021.3.11f1/Editor/Data/PlaybackEngines/iOSSupport/UnityEditor.iOS.Extensions.dll
Register platform support module: C:/Program Files/Unity/Hub/Editor/2021.3.11f1/Editor/Data/PlaybackEngines/WindowsStandaloneSupport/UnityEditor.WindowsStandalone.Extensions.dll
Register platform support module: C:/Program Files/Unity/Hub/Editor/2021.3.11f1/Editor/Data/PlaybackEngines/MetroSupport/UnityEditor.UWP.Extensions.dll
Registered in 0.004471 seconds.
Native extension for UWP target not found
Native extension for WindowsStandalone target not found
[usbmuxd] Start listen thread
[usbmuxd] Listen thread started
Native extension for iOS target not found
Native extension for Android target not found
Native extension for WebGL target not found
Refreshing native plugins compatible for Editor in 86.05 ms, found 5 plugins.
Preloading 0 native plugins for Editor in 0.00 ms.
Mono: successfully reloaded assembly
- Completed reload, in  0.444 seconds
Domain Reload Profiling:
	ReloadAssembly (445ms)
		BeginReloadAssembly (45ms)
			ExecutionOrderSort (0ms)
			DisableScriptedObjects (0ms)
			BackupInstance (0ms)
			ReleaseScriptingObjects (0ms)
			CreateAndSetChildDomain (0ms)
		EndReloadAssembly (331ms)
			LoadAssemblies (45ms)
			RebuildTransferFunctionScriptingTraits (0ms)
			SetupTypeCache (66ms)
			ReleaseScriptCaches (0ms)
			RebuildScriptCaches (17ms)
			SetupLoadedEditorAssemblies (215ms)
				LogAssemblyErrors (0ms)
				InitializePlatformSupportModulesInManaged (41ms)
				SetLoadedEditorAssemblies (1ms)
				RefreshPlugins (86ms)
				BeforeProcessingInitializeOnLoad (1ms)
				ProcessInitializeOnLoadAttributes (56ms)
				ProcessInitializeOnLoadMethodAttributes (31ms)
				AfterProcessingInitializeOnLoad (0ms)
				EditorAssembliesLoaded (0ms)
			ExecutionOrderSort2 (0ms)
			AwakeInstancesAfterBackupRestoration (0ms)
Platform modules already initialized, skipping
Registering precompiled user dll's ...
Registered in 0.004240 seconds.
Begin MonoManager ReloadAssembly
Symbol file LoadedFromMemory doesn't match image C:\Users\Angel\Proyectos Unity\Proyecto01\PURIFIERS 05\Library\PackageCache\com.unity.visualscripting@1.7.8\Editor\VisualScripting.Core\Dependencies\DotNetZip\Unity.VisualScripting.IonicZip.dll
Symbol file LoadedFromMemory doesn't match image C:\Users\Angel\Proyectos Unity\Proyecto01\PURIFIERS 05\Library\PackageCache\com.unity.visualscripting@1.7.8\Editor\VisualScripting.Core\Dependencies\YamlDotNet\Unity.VisualScripting.YamlDotNet.dll
Native extension for UWP target not found
Native extension for WindowsStandalone target not found
Native extension for iOS target not found
Native extension for Android target not found
Native extension for WebGL target not found
Refreshing native plugins compatible for Editor in 88.22 ms, found 5 plugins.
Preloading 0 native plugins for Editor in 0.00 ms.
System.Exception: Error! Visual Scripting: couldn't find visual scripting package
  at Unity.VisualScripting.PackageVersionUtility.get_version () [0x00043] in C:\Users\Angel\Proyectos Unity\Proyecto01\PURIFIERS 05\Library\PackageCache\com.unity.visualscripting@1.7.8\Editor\VisualScripting.Core\Utilities\PackageVersionUtility.cs:31 
  at Unity.VisualScripting.BoltCoreManifest.get_version () [0x00000] in C:\Users\Angel\Proyectos Unity\Proyecto01\PURIFIERS 05\Library\PackageCache\com.unity.visualscripting@1.7.8\Editor\VisualScripting.Core\Plugin\BoltCoreManifest.cs:11 
  at Unity.VisualScripting.PluginManifest.get_currentVersion () [0x00000] in C:\Users\Angel\Proyectos Unity\Proyecto01\PURIFIERS 05\Library\PackageCache\com.unity.visualscripting@1.7.8\Editor\VisualScripting.Core\Plugins\PluginManifest.cs:33 
  at Unity.VisualScripting.PluginManifest.get_versionMismatch () [0x00000] in C:\Users\Angel\Proyectos Unity\Proyecto01\PURIFIERS 05\Library\PackageCache\com.unity.visualscripting@1.7.8\Editor\VisualScripting.Core\Plugins\PluginManifest.cs:48 
  at Unity.VisualScripting.PluginContainer.Initialize () [0x00525] in C:\Users\Angel\Proyectos Unity\Proyecto01\PURIFIERS 05\Library\PackageCache\com.unity.visualscripting@1.7.8\Editor\VisualScripting.Core\Plugins\PluginContainer.cs:208 
  at Unity.VisualScripting.PluginContainer.InitializeOnLoad () [0x00009] in C:\Users\Angel\Proyectos Unity\Proyecto01\PURIFIERS 05\Library\PackageCache\com.unity.visualscripting@1.7.8\Editor\VisualScripting.Core\Plugins\PluginContainer.cs:32 
  at Unity.VisualScripting.VSUsageUtility.DoInitializeOnLoadCalls () [0x00034] in C:\Users\Angel\Proyectos Unity\Proyecto01\PURIFIERS 05\Library\PackageCache\com.unity.visualscripting@1.7.8\Editor\VisualScripting.Core\Utilities\VSUsageUtility.cs:76 
  at Unity.VisualScripting.VSUsageUtility.set_isVisualScriptingUsed (System.Boolean value) [0x0002c] in C:\Users\Angel\Proyectos Unity\Proyecto01\PURIFIERS 05\Library\PackageCache\com.unity.visualscripting@1.7.8\Editor\VisualScripting.Core\Utilities\VSUsageUtility.cs:114 
  at Unity.VisualScripting.VSUsageUtility.CheckAndSetIsVisualScriptingUsed () [0x00032] in C:\Users\Angel\Proyectos Unity\Proyecto01\PURIFIERS 05\Library\PackageCache\com.unity.visualscripting@1.7.8\Editor\VisualScripting.Core\Utilities\VSUsageUtility.cs:48 
  at Unity.VisualScripting.VSUsageUtility..cctor () [0x00000] in C:\Users\Angel\Proyectos Unity\Proyecto01\PURIFIERS 05\Library\PackageCache\com.unity.visualscripting@1.7.8\Editor\VisualScripting.Core\Utilities\VSUsageUtility.cs:22 
UnityEngine.StackTraceUtility:ExtractStackTrace ()
UnityEngine.DebugLogHandler:LogFormat (UnityEngine.LogType,UnityEngine.Object,string,object[])
UnityEngine.Logger:Log (UnityEngine.LogType,object)
UnityEngine.Debug:LogError (object)
UnityEditor.EditorAssemblies:ProcessInitializeOnLoadAttributes (System.Type[])

Mono: successfully reloaded assembly
Package Manager log level set to [2]
- Completed reload, in  1.282 seconds
Domain Reload Profiling:
	ReloadAssembly (1283ms)
		BeginReloadAssembly (187ms)
			ExecutionOrderSort (0ms)
			DisableScriptedObjects (4ms)
			BackupInstance (0ms)
			ReleaseScriptingObjects (0ms)
			CreateAndSetChildDomain (126ms)
		EndReloadAssembly (1023ms)
			LoadAssemblies (59ms)
			RebuildTransferFunctionScriptingTraits (0ms)
			SetupTypeCache (195ms)
			ReleaseScriptCaches (1ms)
			RebuildScriptCaches (47ms)
			SetupLoadedEditorAssemblies (686ms)
				LogAssemblyErrors (0ms)
				InitializePlatformSupportModulesInManaged (15ms)
				SetLoadedEditorAssemblies (0ms)
				RefreshPlugins (88ms)
				BeforeProcessingInitializeOnLoad (87ms)
				ProcessInitializeOnLoadAttributes (439ms)
				ProcessInitializeOnLoadMethodAttributes (54ms)
				AfterProcessingInitializeOnLoad (3ms)
				EditorAssembliesLoaded (0ms)
			ExecutionOrderSort2 (0ms)
			AwakeInstancesAfterBackupRestoration (3ms)
Platform modules already initialized, skipping
========================================================================
Worker process is ready to serve import requests
Launched and connected shader compiler UnityShaderCompiler.exe after 1.87 seconds
Refreshing native plugins compatible for Editor in 0.87 ms, found 5 plugins.
Preloading 0 native plugins for Editor in 0.00 ms.
Unloading 6189 Unused Serialized files (Serialized files now loaded: 0)
Unloading 102 unused Assets / (1.7 MB). Loaded Objects now: 6605.
Memory consumption went from 227.3 MB to 225.6 MB.
Total: 10.056100 ms (FindLiveObjects: 0.298200 ms CreateObjectMapping: 0.193000 ms MarkObjects: 9.286300 ms  DeleteObjects: 0.277900 ms)

AssetImportParameters requested are different than current active one (requested -> active):
  custom:video-decoder-ogg-theora: a1e56fd34408186e4bbccfd4996cb3dc -> 
  custom:container-muxer-webm: aa71ff27fc2769a1b78a27578f13a17b -> 
  custom:container-demuxer-webm: 4f35f7cbe854078d1ac9338744f61a02 -> 
  custom:video-encoder-webm-vp8: eb34c28f22e8b96e1ab97ce403110664 -> 
  custom:audio-encoder-webm-vorbis: bf7c407c2cedff20999df2af8eb42d56 -> 
  custom:framework-win-MediaFoundation: 216162199b28c13a410421893ffa2e32 -> 
  custom:container-demuxer-ogg: 62fdf1f143b41e24485cea50d1cbac27 -> 
  custom:video-decoder-webm-vp8: 9c59270c3fd7afecdb556c50c9e8de78 -> 
  custom:audio-decoder-ogg-vorbis: bf7c407c2cedff20999df2af8eb42d56 -> 
========================================================================
Received Import Request.
  Time since last request: 3147.038502 seconds.
  path: Assets/Scenes/Mapa01.unity
  artifactKey: Guid(1f5f5c382513f414d9165e036f3a25da) Importer(815301076,1909f56bfc062723c751e8b465ee728b)
Start importing Assets/Scenes/Mapa01.unity using Guid(1f5f5c382513f414d9165e036f3a25da) Importer(815301076,1909f56bfc062723c751e8b465ee728b)  -> (artifact id: '27acfaf3ac8fc3ffc7d2d779754b4bd2') in 0.012315 seconds 
========================================================================
Received Import Request.
  Time since last request: 1.029164 seconds.
  path: Assets/Scenes/MapaPrincipal
  artifactKey: Guid(38c1bd5f47dae0243a43d76059232592) Importer(815301076,1909f56bfc062723c751e8b465ee728b)
Start importing Assets/Scenes/MapaPrincipal using Guid(38c1bd5f47dae0243a43d76059232592) Importer(815301076,1909f56bfc062723c751e8b465ee728b)  -> (artifact id: '45b4d09100f7d508eef7079437f607cd') in 0.005396 seconds 
========================================================================
Received Import Request.
  Time since last request: 527.714139 seconds.
  path: Assets/Modelos 3D/Models/Floor_Grass_v1_1.prefab
  artifactKey: Guid(4e43cdca195a1664d966791f28202d31) Importer(815301076,1909f56bfc062723c751e8b465ee728b)
Start importing Assets/Modelos 3D/Models/Floor_Grass_v1_1.prefab using Guid(4e43cdca195a1664d966791f28202d31) Importer(815301076,1909f56bfc062723c751e8b465ee728b)  -> (artifact id: '6c4c7012f19610bc1db9ceaf7737e01a') in 0.127315 seconds 
========================================================================
Received Import Request.
  Time since last request: 923.264211 seconds.
  path: Assets/Prefabs/Base4.prefab
  artifactKey: Guid(9c631faca85da2e4dbfb4af6656fbc3c) Importer(815301076,1909f56bfc062723c751e8b465ee728b)
Start importing Assets/Prefabs/Base4.prefab using Guid(9c631faca85da2e4dbfb4af6656fbc3c) Importer(815301076,1909f56bfc062723c751e8b465ee728b)  -> (artifact id: '38fcdb6422f20f4b89a10a4f032e92ae') in 0.329183 seconds 
========================================================================
Received Import Request.
  Time since last request: 115.005395 seconds.
  path: Assets/Prefabs/Base4.prefab
  artifactKey: Guid(9c631faca85da2e4dbfb4af6656fbc3c) Importer(815301076,1909f56bfc062723c751e8b465ee728b)
Start importing Assets/Prefabs/Base4.prefab using Guid(9c631faca85da2e4dbfb4af6656fbc3c) Importer(815301076,1909f56bfc062723c751e8b465ee728b)  -> (artifact id: 'f96854163bdf0ba85ddd8858228e08c3') in 0.017108 seconds 
========================================================================
Received Import Request.
  Time since last request: 463.816569 seconds.
  path: Assets/Interfaz-BCP-PNG/Barra-de-Música-y-Sonido.png
  artifactKey: Guid(b004054e17e30db468242265a21ffbb1) Importer(815301076,1909f56bfc062723c751e8b465ee728b)
Start importing Assets/Interfaz-BCP-PNG/Barra-de-Música-y-Sonido.png using Guid(b004054e17e30db468242265a21ffbb1) Importer(815301076,1909f56bfc062723c751e8b465ee728b)  -> (artifact id: '040528c84fb1c3ea003417b5de8d36bd') in 0.068254 seconds 
========================================================================
Received Import Request.
  Time since last request: 0.000025 seconds.
  path: Assets/Interfaz-BCP-PNG/Nivel-4.png
  artifactKey: Guid(96e124266cb33ed4ba9934686fdf9a01) Importer(815301076,1909f56bfc062723c751e8b465ee728b)
Start importing Assets/Interfaz-BCP-PNG/Nivel-4.png using Guid(96e124266cb33ed4ba9934686fdf9a01) Importer(815301076,1909f56bfc062723c751e8b465ee728b)  -> (artifact id: '9d830fecdbffb07a73cd52e567b4495c') in 0.029473 seconds 
========================================================================
Received Import Request.
  Time since last request: 0.000020 seconds.
  path: Assets/Interfaz-BCP-PNG/Flecha.png
  artifactKey: Guid(b681470bb93214449a556d81d11a5a5d) Importer(815301076,1909f56bfc062723c751e8b465ee728b)
Start importing Assets/Interfaz-BCP-PNG/Flecha.png using Guid(b681470bb93214449a556d81d11a5a5d) Importer(815301076,1909f56bfc062723c751e8b465ee728b)  -> (artifact id: 'c1edb3d5513a05fa86fbc3c057dda9dc') in 0.022432 seconds 
========================================================================
Received Import Request.
  Time since last request: 0.000031 seconds.
  path: Assets/Interfaz-BCP-PNG/Botón-de-pausa.png
  artifactKey: Guid(943878eece30d9f48a9bcedaa0b5cffa) Importer(815301076,1909f56bfc062723c751e8b465ee728b)
Start importing Assets/Interfaz-BCP-PNG/Botón-de-pausa.png using Guid(943878eece30d9f48a9bcedaa0b5cffa) Importer(815301076,1909f56bfc062723c751e8b465ee728b)  -> (artifact id: 'ad9f7c2a44afa2b8d0978fd8c828c922') in 0.020114 seconds 
========================================================================
Received Import Request.
  Time since last request: 0.000023 seconds.
  path: Assets/Interfaz-BCP-PNG/Cuy-Moneda..png
  artifactKey: Guid(b9053b78b7a8b364187d1eb36532349b) Importer(815301076,1909f56bfc062723c751e8b465ee728b)
Start importing Assets/Interfaz-BCP-PNG/Cuy-Moneda..png using Guid(b9053b78b7a8b364187d1eb36532349b) Importer(815301076,1909f56bfc062723c751e8b465ee728b)  -> (artifact id: '36b9d45213f3d0edd2e43cec2760d34a') in 0.053045 seconds 
========================================================================
Received Import Request.
  Time since last request: 0.000033 seconds.
  path: Assets/Interfaz-BCP-PNG/Nivel-3.png
  artifactKey: Guid(84b16db8f424edc4283ccf939bf5ee59) Importer(815301076,1909f56bfc062723c751e8b465ee728b)
Start importing Assets/Interfaz-BCP-PNG/Nivel-3.png using Guid(84b16db8f424edc4283ccf939bf5ee59) Importer(815301076,1909f56bfc062723c751e8b465ee728b)  -> (artifact id: '4074d4d806534898edce72cadc900851') in 0.044224 seconds 
========================================================================
Received Import Request.
  Time since last request: 0.000027 seconds.
  path: Assets/Interfaz-BCP-PNG/Marco-despues-de-Pausa.png
  artifactKey: Guid(6725fe88cf487224c81d4b5ef5908a79) Importer(815301076,1909f56bfc062723c751e8b465ee728b)
Start importing Assets/Interfaz-BCP-PNG/Marco-despues-de-Pausa.png using Guid(6725fe88cf487224c81d4b5ef5908a79) Importer(815301076,1909f56bfc062723c751e8b465ee728b)  -> (artifact id: '78535de29f4431e6e94fb2d7ed0b8058') in 0.090976 seconds 
========================================================================
Received Import Request.
  Time since last request: 0.000029 seconds.
  path: Assets/Interfaz-BCP-PNG/Botón-play-Inicio.png
  artifactKey: Guid(01a23a72ed826fc4ca2cc850dbce8305) Importer(815301076,1909f56bfc062723c751e8b465ee728b)
Start importing Assets/Interfaz-BCP-PNG/Botón-play-Inicio.png using Guid(01a23a72ed826fc4ca2cc850dbce8305) Importer(815301076,1909f56bfc062723c751e8b465ee728b)  -> (artifact id: 'a53a1e978f5488b7190a2fc0284d1538') in 0.034239 seconds 
========================================================================
Received Import Request.
  Time since last request: 0.000018 seconds.
  path: Assets/Interfaz-BCP-PNG/Candado-de-nivel.png
  artifactKey: Guid(f197dd6ce63fb1a42bd47d62c0e259d9) Importer(815301076,1909f56bfc062723c751e8b465ee728b)
Start importing Assets/Interfaz-BCP-PNG/Candado-de-nivel.png using Guid(f197dd6ce63fb1a42bd47d62c0e259d9) Importer(815301076,1909f56bfc062723c751e8b465ee728b)  -> (artifact id: '2c9d96aad3dc31992eeec3ad98f5bee0') in 0.018354 seconds 
========================================================================
Received Import Request.
  Time since last request: 0.000031 seconds.
  path: Assets/Interfaz-BCP-PNG/Nivel-1.png
  artifactKey: Guid(33557bf9616219345a7f388a3a983880) Importer(815301076,1909f56bfc062723c751e8b465ee728b)
Start importing Assets/Interfaz-BCP-PNG/Nivel-1.png using Guid(33557bf9616219345a7f388a3a983880) Importer(815301076,1909f56bfc062723c751e8b465ee728b)  -> (artifact id: 'd1b912b0968b5c7d08bbfb59f7b3af81') in 0.029486 seconds 
========================================================================
Received Import Request.
  Time since last request: 0.000031 seconds.
  path: Assets/Interfaz-BCP-PNG/Botón-de-play_Botón-de-nivel-completado.png
  artifactKey: Guid(21a43e84a263ab240a6348a716fde2dd) Importer(815301076,1909f56bfc062723c751e8b465ee728b)
Start importing Assets/Interfaz-BCP-PNG/Botón-de-play_Botón-de-nivel-completado.png using Guid(21a43e84a263ab240a6348a716fde2dd) Importer(815301076,1909f56bfc062723c751e8b465ee728b)  -> (artifact id: '385142ce226372653e624752ad01fede') in 0.037918 seconds 
========================================================================
Received Import Request.
  Time since last request: 0.000025 seconds.
  path: Assets/Interfaz-BCP-PNG/gameovercre1-fuente.ttf
  artifactKey: Guid(a7a79a0dfb0dbae4aa3d3b63a21510aa) Importer(815301076,1909f56bfc062723c751e8b465ee728b)
Start importing Assets/Interfaz-BCP-PNG/gameovercre1-fuente.ttf using Guid(a7a79a0dfb0dbae4aa3d3b63a21510aa) Importer(815301076,1909f56bfc062723c751e8b465ee728b)  -> (artifact id: 'c47de257b4f32042ab39259684e83d7e') in 0.073583 seconds 
========================================================================
Received Import Request.
  Time since last request: 0.000030 seconds.
  path: Assets/Interfaz-BCP-PNG/Nivel-2.png
  artifactKey: Guid(063cf9f12fe7a284b9edeb1ddaf977d4) Importer(815301076,1909f56bfc062723c751e8b465ee728b)
Start importing Assets/Interfaz-BCP-PNG/Nivel-2.png using Guid(063cf9f12fe7a284b9edeb1ddaf977d4) Importer(815301076,1909f56bfc062723c751e8b465ee728b)  -> (artifact id: '90d969b0e23dc7b461d735610f9178de') in 0.034267 seconds 
Editor requested this worker to shutdown with reason: Scaling down because of idle timeout
AssetImportWorker is now disconnected from the server
Process exiting
Exiting without the bug reporter. Application will terminate with return code 0