Using pre-set license
Built from '2021.3/staging' branch; Version is '2021.3.11f1 (0a5ca18544bf) revision 679073'; Using compiler version '192829333'; Build Type 'Release'
OS: 'Windows 11  (10.0.22000) 64bit Professional' Language: 'es' Physical Memory: 32581 MB
BatchMode: 1, IsHumanControllingUs: 0, StartBugReporterOnCrash: 0, Is64bit: 1, IsPro: 1

COMMAND LINE ARGUMENTS:
C:\Program Files\Unity\Hub\Editor\2021.3.11f1\Editor\Unity.exe
-adb2
-batchMode
-noUpm
-name
AssetImportWorker4
-projectPath
C:/Users/Angel/Proyectos Unity/Proyecto01/PURIFIERS 05
-logFile
Logs/AssetImportWorker4.log
-srvPort
63938
Successfully changed project path to: C:/Users/Angel/Proyectos Unity/Proyecto01/PURIFIERS 05
C:/Users/Angel/Proyectos Unity/Proyecto01/PURIFIERS 05
[UnityMemory] Configuration Parameters - Can be set up in boot.config
    "memorysetup-bucket-allocator-granularity=16"
    "memorysetup-bucket-allocator-bucket-count=8"
    "memorysetup-bucket-allocator-block-size=33554432"
    "memorysetup-bucket-allocator-block-count=8"
    "memorysetup-main-allocator-block-size=16777216"
    "memorysetup-thread-allocator-block-size=16777216"
    "memorysetup-gfx-main-allocator-block-size=16777216"
    "memorysetup-gfx-thread-allocator-block-size=16777216"
    "memorysetup-cache-allocator-block-size=4194304"
    "memorysetup-typetree-allocator-block-size=2097152"
    "memorysetup-profiler-bucket-allocator-granularity=16"
    "memorysetup-profiler-bucket-allocator-bucket-count=8"
    "memorysetup-profiler-bucket-allocator-block-size=33554432"
    "memorysetup-profiler-bucket-allocator-block-count=8"
    "memorysetup-profiler-allocator-block-size=16777216"
    "memorysetup-profiler-editor-allocator-block-size=1048576"
    "memorysetup-temp-allocator-size-main=16777216"
    "memorysetup-job-temp-allocator-block-size=2097152"
    "memorysetup-job-temp-allocator-block-size-background=1048576"
    "memorysetup-job-temp-allocator-reduction-small-platforms=262144"
    "memorysetup-temp-allocator-size-background-worker=32768"
    "memorysetup-temp-allocator-size-job-worker=262144"
    "memorysetup-temp-allocator-size-preload-manager=33554432"
    "memorysetup-temp-allocator-size-nav-mesh-worker=65536"
    "memorysetup-temp-allocator-size-audio-worker=65536"
    "memorysetup-temp-allocator-size-cloud-worker=32768"
    "memorysetup-temp-allocator-size-gi-baking-worker=262144"
    "memorysetup-temp-allocator-size-gfx=262144"
Refreshing native plugins compatible for Editor in 105.98 ms, found 5 plugins.
Preloading 0 native plugins for Editor in 0.00 ms.
Initialize engine version: 2021.3.11f1 (0a5ca18544bf)
[Subsystems] Discovering subsystems at path C:/Program Files/Unity/Hub/Editor/2021.3.11f1/Editor/Data/Resources/UnitySubsystems
[Subsystems] Discovering subsystems at path C:/Users/Angel/Proyectos Unity/Proyecto01/PURIFIERS 05/Assets
GfxDevice: creating device client; threaded=0; jobified=0
Direct3D:
    Version:  Direct3D 11.0 [level 11.1]
    Renderer: NVIDIA GeForce RTX 3080 (ID=0x2216)
    Vendor:   NVIDIA
    VRAM:     10078 MB
    Driver:   31.0.15.1694
Initialize mono
Mono path[0] = 'C:/Program Files/Unity/Hub/Editor/2021.3.11f1/Editor/Data/Managed'
Mono path[1] = 'C:/Program Files/Unity/Hub/Editor/2021.3.11f1/Editor/Data/MonoBleedingEdge/lib/mono/unityjit-win32'
Mono config path = 'C:/Program Files/Unity/Hub/Editor/2021.3.11f1/Editor/Data/MonoBleedingEdge/etc'
Using monoOptions --debugger-agent=transport=dt_socket,embedding=1,server=y,suspend=n,address=127.0.0.1:56408
Begin MonoManager ReloadAssembly
Registering precompiled unity dll's ...
Register platform support module: C:/Program Files/Unity/Hub/Editor/2021.3.11f1/Editor/Data/PlaybackEngines/WebGLSupport/UnityEditor.WebGL.Extensions.dll
Register platform support module: C:/Program Files/Unity/Hub/Editor/2021.3.11f1/Editor/Data/PlaybackEngines/AndroidPlayer/UnityEditor.Android.Extensions.dll
Register platform support module: C:/Program Files/Unity/Hub/Editor/2021.3.11f1/Editor/Data/PlaybackEngines/iOSSupport/UnityEditor.iOS.Extensions.dll
Register platform support module: C:/Program Files/Unity/Hub/Editor/2021.3.11f1/Editor/Data/PlaybackEngines/WindowsStandaloneSupport/UnityEditor.WindowsStandalone.Extensions.dll
Register platform support module: C:/Program Files/Unity/Hub/Editor/2021.3.11f1/Editor/Data/PlaybackEngines/MetroSupport/UnityEditor.UWP.Extensions.dll
Registered in 0.003701 seconds.
Native extension for UWP target not found
Native extension for WindowsStandalone target not found
[usbmuxd] Start listen thread
[usbmuxd] Listen thread started
Native extension for iOS target not found
Native extension for Android target not found
Native extension for WebGL target not found
Refreshing native plugins compatible for Editor in 100.11 ms, found 5 plugins.
Preloading 0 native plugins for Editor in 0.00 ms.
Mono: successfully reloaded assembly
- Completed reload, in  0.480 seconds
Domain Reload Profiling:
	ReloadAssembly (481ms)
		BeginReloadAssembly (49ms)
			ExecutionOrderSort (0ms)
			DisableScriptedObjects (0ms)
			BackupInstance (0ms)
			ReleaseScriptingObjects (0ms)
			CreateAndSetChildDomain (1ms)
		EndReloadAssembly (357ms)
			LoadAssemblies (49ms)
			RebuildTransferFunctionScriptingTraits (0ms)
			SetupTypeCache (68ms)
			ReleaseScriptCaches (0ms)
			RebuildScriptCaches (18ms)
			SetupLoadedEditorAssemblies (238ms)
				LogAssemblyErrors (0ms)
				InitializePlatformSupportModulesInManaged (48ms)
				SetLoadedEditorAssemblies (0ms)
				RefreshPlugins (100ms)
				BeforeProcessingInitializeOnLoad (1ms)
				ProcessInitializeOnLoadAttributes (61ms)
				ProcessInitializeOnLoadMethodAttributes (28ms)
				AfterProcessingInitializeOnLoad (0ms)
				EditorAssembliesLoaded (0ms)
			ExecutionOrderSort2 (0ms)
			AwakeInstancesAfterBackupRestoration (0ms)
Platform modules already initialized, skipping
Registering precompiled user dll's ...
Registered in 0.004421 seconds.
Begin MonoManager ReloadAssembly
Symbol file LoadedFromMemory doesn't match image C:\Users\Angel\Proyectos Unity\Proyecto01\PURIFIERS 05\Library\PackageCache\com.unity.visualscripting@1.7.8\Editor\VisualScripting.Core\Dependencies\DotNetZip\Unity.VisualScripting.IonicZip.dll
Symbol file LoadedFromMemory doesn't match image C:\Users\Angel\Proyectos Unity\Proyecto01\PURIFIERS 05\Library\PackageCache\com.unity.visualscripting@1.7.8\Editor\VisualScripting.Core\Dependencies\YamlDotNet\Unity.VisualScripting.YamlDotNet.dll
Native extension for UWP target not found
Native extension for WindowsStandalone target not found
Native extension for iOS target not found
Native extension for Android target not found
Native extension for WebGL target not found
Refreshing native plugins compatible for Editor in 87.16 ms, found 5 plugins.
Preloading 0 native plugins for Editor in 0.00 ms.
System.Exception: Error! Visual Scripting: couldn't find visual scripting package
  at Unity.VisualScripting.PackageVersionUtility.get_version () [0x00043] in C:\Users\Angel\Proyectos Unity\Proyecto01\PURIFIERS 05\Library\PackageCache\com.unity.visualscripting@1.7.8\Editor\VisualScripting.Core\Utilities\PackageVersionUtility.cs:31 
  at Unity.VisualScripting.BoltCoreManifest.get_version () [0x00000] in C:\Users\Angel\Proyectos Unity\Proyecto01\PURIFIERS 05\Library\PackageCache\com.unity.visualscripting@1.7.8\Editor\VisualScripting.Core\Plugin\BoltCoreManifest.cs:11 
  at Unity.VisualScripting.PluginManifest.get_currentVersion () [0x00000] in C:\Users\Angel\Proyectos Unity\Proyecto01\PURIFIERS 05\Library\PackageCache\com.unity.visualscripting@1.7.8\Editor\VisualScripting.Core\Plugins\PluginManifest.cs:33 
  at Unity.VisualScripting.PluginManifest.get_versionMismatch () [0x00000] in C:\Users\Angel\Proyectos Unity\Proyecto01\PURIFIERS 05\Library\PackageCache\com.unity.visualscripting@1.7.8\Editor\VisualScripting.Core\Plugins\PluginManifest.cs:48 
  at Unity.VisualScripting.PluginContainer.Initialize () [0x00525] in C:\Users\Angel\Proyectos Unity\Proyecto01\PURIFIERS 05\Library\PackageCache\com.unity.visualscripting@1.7.8\Editor\VisualScripting.Core\Plugins\PluginContainer.cs:208 
  at Unity.VisualScripting.PluginContainer.InitializeOnLoad () [0x00009] in C:\Users\Angel\Proyectos Unity\Proyecto01\PURIFIERS 05\Library\PackageCache\com.unity.visualscripting@1.7.8\Editor\VisualScripting.Core\Plugins\PluginContainer.cs:32 
  at Unity.VisualScripting.VSUsageUtility.DoInitializeOnLoadCalls () [0x00034] in C:\Users\Angel\Proyectos Unity\Proyecto01\PURIFIERS 05\Library\PackageCache\com.unity.visualscripting@1.7.8\Editor\VisualScripting.Core\Utilities\VSUsageUtility.cs:76 
  at Unity.VisualScripting.VSUsageUtility.set_isVisualScriptingUsed (System.Boolean value) [0x0002c] in C:\Users\Angel\Proyectos Unity\Proyecto01\PURIFIERS 05\Library\PackageCache\com.unity.visualscripting@1.7.8\Editor\VisualScripting.Core\Utilities\VSUsageUtility.cs:114 
  at Unity.VisualScripting.VSUsageUtility.CheckAndSetIsVisualScriptingUsed () [0x00032] in C:\Users\Angel\Proyectos Unity\Proyecto01\PURIFIERS 05\Library\PackageCache\com.unity.visualscripting@1.7.8\Editor\VisualScripting.Core\Utilities\VSUsageUtility.cs:48 
  at Unity.VisualScripting.VSUsageUtility..cctor () [0x00000] in C:\Users\Angel\Proyectos Unity\Proyecto01\PURIFIERS 05\Library\PackageCache\com.unity.visualscripting@1.7.8\Editor\VisualScripting.Core\Utilities\VSUsageUtility.cs:22 
UnityEngine.StackTraceUtility:ExtractStackTrace ()
UnityEngine.DebugLogHandler:LogFormat (UnityEngine.LogType,UnityEngine.Object,string,object[])
UnityEngine.Logger:Log (UnityEngine.LogType,object)
UnityEngine.Debug:LogError (object)
UnityEditor.EditorAssemblies:ProcessInitializeOnLoadAttributes (System.Type[])

Mono: successfully reloaded assembly
Package Manager log level set to [2]
- Completed reload, in  1.331 seconds
Domain Reload Profiling:
	ReloadAssembly (1331ms)
		BeginReloadAssembly (186ms)
			ExecutionOrderSort (0ms)
			DisableScriptedObjects (4ms)
			BackupInstance (0ms)
			ReleaseScriptingObjects (0ms)
			CreateAndSetChildDomain (120ms)
		EndReloadAssembly (1069ms)
			LoadAssemblies (68ms)
			RebuildTransferFunctionScriptingTraits (0ms)
			SetupTypeCache (194ms)
			ReleaseScriptCaches (1ms)
			RebuildScriptCaches (48ms)
			SetupLoadedEditorAssemblies (726ms)
				LogAssemblyErrors (0ms)
				InitializePlatformSupportModulesInManaged (15ms)
				SetLoadedEditorAssemblies (0ms)
				RefreshPlugins (87ms)
				BeforeProcessingInitializeOnLoad (92ms)
				ProcessInitializeOnLoadAttributes (474ms)
				ProcessInitializeOnLoadMethodAttributes (55ms)
				AfterProcessingInitializeOnLoad (3ms)
				EditorAssembliesLoaded (0ms)
			ExecutionOrderSort2 (0ms)
			AwakeInstancesAfterBackupRestoration (3ms)
Platform modules already initialized, skipping
========================================================================
Worker process is ready to serve import requests
Launched and connected shader compiler UnityShaderCompiler.exe after 0.03 seconds
Refreshing native plugins compatible for Editor in 0.99 ms, found 5 plugins.
Preloading 0 native plugins for Editor in 0.00 ms.
Unloading 6189 Unused Serialized files (Serialized files now loaded: 0)
Unloading 102 unused Assets / (1.7 MB). Loaded Objects now: 6605.
Memory consumption went from 227.3 MB to 225.6 MB.
Total: 9.787300 ms (FindLiveObjects: 0.302800 ms CreateObjectMapping: 0.169400 ms MarkObjects: 9.028200 ms  DeleteObjects: 0.286200 ms)

AssetImportParameters requested are different than current active one (requested -> active):
  custom:video-decoder-ogg-theora: a1e56fd34408186e4bbccfd4996cb3dc -> 
  custom:container-muxer-webm: aa71ff27fc2769a1b78a27578f13a17b -> 
  custom:container-demuxer-webm: 4f35f7cbe854078d1ac9338744f61a02 -> 
  custom:video-encoder-webm-vp8: eb34c28f22e8b96e1ab97ce403110664 -> 
  custom:audio-encoder-webm-vorbis: bf7c407c2cedff20999df2af8eb42d56 -> 
  custom:framework-win-MediaFoundation: 216162199b28c13a410421893ffa2e32 -> 
  custom:container-demuxer-ogg: 62fdf1f143b41e24485cea50d1cbac27 -> 
  custom:video-decoder-webm-vp8: 9c59270c3fd7afecdb556c50c9e8de78 -> 
  custom:audio-decoder-ogg-vorbis: bf7c407c2cedff20999df2af8eb42d56 -> 
========================================================================
Received Import Request.
  Time since last request: 5189.642158 seconds.
  path: Assets/Interfaz-BCP-PNG/Barra-de-Música-y-Sonido.png
  artifactKey: Guid(b004054e17e30db468242265a21ffbb1) Importer(815301076,1909f56bfc062723c751e8b465ee728b)
Start importing Assets/Interfaz-BCP-PNG/Barra-de-Música-y-Sonido.png using Guid(b004054e17e30db468242265a21ffbb1) Importer(815301076,1909f56bfc062723c751e8b465ee728b)  -> (artifact id: 'b07ea358e03d25286ba1b7e87032665f') in 0.069442 seconds 
========================================================================
Received Import Request.
  Time since last request: 882.225590 seconds.
  path: Assets/Scripts/ControlDelPersonaje.cs
  artifactKey: Guid(1a717dd852a4b204cbda841fff768c43) Importer(815301076,1909f56bfc062723c751e8b465ee728b)
Start importing Assets/Scripts/ControlDelPersonaje.cs using Guid(1a717dd852a4b204cbda841fff768c43) Importer(815301076,1909f56bfc062723c751e8b465ee728b)  -> (artifact id: '6e41516eadd2b977c6a6f3d3352c182e') in 0.009425 seconds 
========================================================================
Received Import Request.
  Time since last request: 13.302482 seconds.
  path: Assets/Modelos 3D/Generadores/Generador3.fbx
  artifactKey: Guid(8c2ff8451c86f2147a5e1a6a89d2363e) Importer(815301076,1909f56bfc062723c751e8b465ee728b)
Start importing Assets/Modelos 3D/Generadores/Generador3.fbx using Guid(8c2ff8451c86f2147a5e1a6a89d2363e) Importer(815301076,1909f56bfc062723c751e8b465ee728b)  -> (artifact id: 'd2d180c4087bb32f6ac707b44150ff6c') in 0.151876 seconds 
========================================================================
Received Import Request.
  Time since last request: 0.000038 seconds.
  path: Assets/Modelos 3D/Generadores/Generador6.fbx
  artifactKey: Guid(7bb04716b95f67d4bb36af778ac75596) Importer(815301076,1909f56bfc062723c751e8b465ee728b)
Start importing Assets/Modelos 3D/Generadores/Generador6.fbx using Guid(7bb04716b95f67d4bb36af778ac75596) Importer(815301076,1909f56bfc062723c751e8b465ee728b)  -> (artifact id: '62b1ccb965e4dab9851147ab3c85991b') in 0.078606 seconds 
========================================================================
Received Import Request.
  Time since last request: 0.000029 seconds.
  path: Assets/Modelos 3D/Generadores/Generador7.fbx
  artifactKey: Guid(de60f83db8e319849a3d7433fc82d1f5) Importer(815301076,1909f56bfc062723c751e8b465ee728b)
Start importing Assets/Modelos 3D/Generadores/Generador7.fbx using Guid(de60f83db8e319849a3d7433fc82d1f5) Importer(815301076,1909f56bfc062723c751e8b465ee728b)  -> (artifact id: '8481e79047e73ac66628d1d4e4e8587b') in 0.097228 seconds 
========================================================================
Received Import Request.
  Time since last request: 0.000033 seconds.
  path: Assets/Modelos 3D/Generadores/Generador2.fbx
  artifactKey: Guid(50fdb7098e1b5a542bdae970ff8323b4) Importer(815301076,1909f56bfc062723c751e8b465ee728b)
Start importing Assets/Modelos 3D/Generadores/Generador2.fbx using Guid(50fdb7098e1b5a542bdae970ff8323b4) Importer(815301076,1909f56bfc062723c751e8b465ee728b)  -> (artifact id: '36acffbf1dd4974709ae3a12febd29d6') in 0.087504 seconds 
========================================================================
Received Import Request.
  Time since last request: 1.633045 seconds.
  path: Assets/Modelos 3D/Rocas/Roca2.fbx
  artifactKey: Guid(ae410628b27e81a44937f646197031cb) Importer(815301076,1909f56bfc062723c751e8b465ee728b)
Start importing Assets/Modelos 3D/Rocas/Roca2.fbx using Guid(ae410628b27e81a44937f646197031cb) Importer(815301076,1909f56bfc062723c751e8b465ee728b)  -> (artifact id: 'e4a62792b52e3b4103bafd69d560e1f6') in 0.040697 seconds 
========================================================================
Received Import Request.
  Time since last request: 0.046239 seconds.
  path: Assets/Personajes/Slimes/SlimeNormal.fbx
  artifactKey: Guid(214bb7585bbec3649961ce1756146ff3) Importer(815301076,1909f56bfc062723c751e8b465ee728b)
Start importing Assets/Personajes/Slimes/SlimeNormal.fbx using Guid(214bb7585bbec3649961ce1756146ff3) Importer(815301076,1909f56bfc062723c751e8b465ee728b)  -> (artifact id: 'ff08ba14ced463f2dc5f497840de92e7') in 0.073903 seconds 
========================================================================
Received Import Request.
  Time since last request: 0.000024 seconds.
  path: Assets/Personajes/Slimes/SlimesAve.fbx
  artifactKey: Guid(f4fafc50acdd4a145995a1b8c6af59d9) Importer(815301076,1909f56bfc062723c751e8b465ee728b)
Start importing Assets/Personajes/Slimes/SlimesAve.fbx using Guid(f4fafc50acdd4a145995a1b8c6af59d9) Importer(815301076,1909f56bfc062723c751e8b465ee728b)  -> (artifact id: '71ab1c4d2e5d8d65c9c337b70f07dcf7') in 0.062614 seconds 
========================================================================
Received Import Request.
  Time since last request: 0.000025 seconds.
  path: Assets/Personajes/Personajes ciclo 6 SOLDIER WALK.fbx
  artifactKey: Guid(0614263284c46d8458d06f2360ed3fad) Importer(815301076,1909f56bfc062723c751e8b465ee728b)
Start importing Assets/Personajes/Personajes ciclo 6 SOLDIER WALK.fbx using Guid(0614263284c46d8458d06f2360ed3fad) Importer(815301076,1909f56bfc062723c751e8b465ee728b)  -> (artifact id: 'afe7f7be2282557adc31a8212f8298a7') in 0.049388 seconds 
========================================================================
Received Import Request.
  Time since last request: 0.000024 seconds.
  path: Assets/Modelos 3D/Muros/Intersección.fbx
  artifactKey: Guid(53c726b2de44871449f9ada5afe81315) Importer(815301076,1909f56bfc062723c751e8b465ee728b)
Start importing Assets/Modelos 3D/Muros/Intersección.fbx using Guid(53c726b2de44871449f9ada5afe81315) Importer(815301076,1909f56bfc062723c751e8b465ee728b)  -> (artifact id: '6b513647acc41dceec0f74ddff552960') in 0.035235 seconds 
========================================================================
Received Import Request.
  Time since last request: 9.062370 seconds.
  path: Assets/Personajes/Material.001.mat
  artifactKey: Guid(c8479a4f8b7c8a7409b1cdbeef75b895) Importer(815301076,1909f56bfc062723c751e8b465ee728b)
Start importing Assets/Personajes/Material.001.mat using Guid(c8479a4f8b7c8a7409b1cdbeef75b895) Importer(815301076,1909f56bfc062723c751e8b465ee728b)  -> (artifact id: '79cce1c493521e3c6dee3a25f9999350') in 0.022575 seconds 
========================================================================
Received Import Request.
  Time since last request: 2.105977 seconds.
  path: Assets/Personajes/Slimes
  artifactKey: Guid(e74d63eaa0fb57442b30da5aeb2ff9c8) Importer(815301076,1909f56bfc062723c751e8b465ee728b)
Start importing Assets/Personajes/Slimes using Guid(e74d63eaa0fb57442b30da5aeb2ff9c8) Importer(815301076,1909f56bfc062723c751e8b465ee728b)  -> (artifact id: 'd52768aa74cac974e01b213abb44d670') in 0.005078 seconds 
========================================================================
Received Import Request.
  Time since last request: 0.046477 seconds.
  path: Assets/Personajes/Slimes/SlimeAve.png
  artifactKey: Guid(e296e667aa1b89645a70ae718dd9ecdc) Importer(815301076,1909f56bfc062723c751e8b465ee728b)
Start importing Assets/Personajes/Slimes/SlimeAve.png using Guid(e296e667aa1b89645a70ae718dd9ecdc) Importer(815301076,1909f56bfc062723c751e8b465ee728b)  -> (artifact id: 'f3e63571bb22d39c4244d0b174178c93') in 0.053995 seconds 
========================================================================
Received Import Request.
  Time since last request: 0.000027 seconds.
  path: Assets/Personajes/Slimes/SlimePrime.prefab
  artifactKey: Guid(f827c54536228b54b91f33ae1a1b6409) Importer(815301076,1909f56bfc062723c751e8b465ee728b)
Start importing Assets/Personajes/Slimes/SlimePrime.prefab using Guid(f827c54536228b54b91f33ae1a1b6409) Importer(815301076,1909f56bfc062723c751e8b465ee728b)  -> (artifact id: '57a533a0af0f51d4fb7296d8f8634f33') in 0.012452 seconds 
========================================================================
Received Import Request.
  Time since last request: 0.000025 seconds.
  path: Assets/Personajes/Slimes/SlimePezPuro.png
  artifactKey: Guid(50ca98e6d14bb8d488dd9b60700f85c8) Importer(815301076,1909f56bfc062723c751e8b465ee728b)
Start importing Assets/Personajes/Slimes/SlimePezPuro.png using Guid(50ca98e6d14bb8d488dd9b60700f85c8) Importer(815301076,1909f56bfc062723c751e8b465ee728b)  -> (artifact id: 'baaf99164c4a82cdc6f014d152887cc0') in 0.040562 seconds 
========================================================================
Received Import Request.
  Time since last request: 82.458210 seconds.
  path: Assets/Personajes/Slimes/Materials
  artifactKey: Guid(e3c8852a42dc95c4f879065f23c07b5f) Importer(815301076,1909f56bfc062723c751e8b465ee728b)
Start importing Assets/Personajes/Slimes/Materials using Guid(e3c8852a42dc95c4f879065f23c07b5f) Importer(815301076,1909f56bfc062723c751e8b465ee728b)  -> (artifact id: 'c3941f5e7fe88e90d60f234f93c211dd') in 0.005340 seconds 
========================================================================
Received Import Request.
  Time since last request: 0.076096 seconds.
  path: Assets/Personajes/Slimes/Materials/SlimeCorrupto.mat
  artifactKey: Guid(7756602cabc403a48a3a2024f06bb841) Importer(815301076,1909f56bfc062723c751e8b465ee728b)
Start importing Assets/Personajes/Slimes/Materials/SlimeCorrupto.mat using Guid(7756602cabc403a48a3a2024f06bb841) Importer(815301076,1909f56bfc062723c751e8b465ee728b)  -> (artifact id: '250db993a543f49a1caf3bea65c49ca3') in 0.022499 seconds 
========================================================================
Received Import Request.
  Time since last request: 0.000033 seconds.
  path: Assets/Personajes/Slimes/Materials/SlimePuroAve.mat
  artifactKey: Guid(2401a7d2d18606d42b86f297ac4b1e2a) Importer(815301076,1909f56bfc062723c751e8b465ee728b)
Start importing Assets/Personajes/Slimes/Materials/SlimePuroAve.mat using Guid(2401a7d2d18606d42b86f297ac4b1e2a) Importer(815301076,1909f56bfc062723c751e8b465ee728b)  -> (artifact id: 'bf2245c44b5a86512c92e29a8488a005') in 0.021549 seconds 
========================================================================
Received Import Request.
  Time since last request: 0.000026 seconds.
  path: Assets/Personajes/Slimes/Materials/SlimePuroPez.mat
  artifactKey: Guid(3cb96de6f6cbd9d44ac1190431e9f55d) Importer(815301076,1909f56bfc062723c751e8b465ee728b)
Start importing Assets/Personajes/Slimes/Materials/SlimePuroPez.mat using Guid(3cb96de6f6cbd9d44ac1190431e9f55d) Importer(815301076,1909f56bfc062723c751e8b465ee728b)  -> (artifact id: '98f1393fa47f6942936c78bbb67959d1') in 0.026750 seconds 
Editor requested this worker to shutdown with reason: Scaling down because of idle timeout
AssetImportWorker is now disconnected from the server
Process exiting
Exiting without the bug reporter. Application will terminate with return code 0